[28-Mar-2020 19:47:47] NOTICE: fpm is running, pid 29030
[28-Mar-2020 19:47:47] NOTICE: ready to handle connections
[28-Mar-2020 21:32:39] NOTICE: Terminating ...
[28-Mar-2020 21:32:39] NOTICE: Terminating ...
[28-Mar-2020 21:32:39] NOTICE: exiting, bye-bye!
[30-Mar-2020 15:41:28] NOTICE: fpm is running, pid 2739
[30-Mar-2020 15:41:28] NOTICE: ready to handle connections
[30-Mar-2020 19:43:53] NOTICE: Terminating ...
[30-Mar-2020 19:43:53] NOTICE: Terminating ...
[30-Mar-2020 19:43:53] NOTICE: exiting, bye-bye!
[31-Mar-2020 09:22:45] NOTICE: fpm is running, pid 3969
[31-Mar-2020 09:22:45] NOTICE: ready to handle connections
[31-Mar-2020 10:13:27] WARNING: [pool www] child 3974 said into stderr: "libpng warning: iCCP: known incorrect sRGB profile"
[02-Apr-2020 21:18:16] NOTICE: Terminating ...
[02-Apr-2020 21:18:16] NOTICE: Terminating ...
[02-Apr-2020 21:18:16] NOTICE: exiting, bye-bye!
[02-Apr-2020 21:35:29] NOTICE: fpm is running, pid 9273
[02-Apr-2020 21:35:29] NOTICE: ready to handle connections
[03-Apr-2020 12:09:56] NOTICE: Terminating ...
[03-Apr-2020 12:09:56] NOTICE: Terminating ...
[03-Apr-2020 12:09:56] NOTICE: exiting, bye-bye!
[03-Apr-2020 15:12:15] NOTICE: fpm is running, pid 11115
[03-Apr-2020 15:12:15] NOTICE: ready to handle connections
[06-Apr-2020 13:33:37] NOTICE: Terminating ...
[06-Apr-2020 13:33:37] NOTICE: Terminating ...
[06-Apr-2020 13:33:37] NOTICE: exiting, bye-bye!
[07-Apr-2020 08:14:35] NOTICE: fpm is running, pid 5181
[07-Apr-2020 08:14:35] NOTICE: ready to handle connections
[07-Apr-2020 10:09:37] NOTICE: Terminating ...
[07-Apr-2020 10:09:37] NOTICE: Terminating ...
[07-Apr-2020 10:09:37] NOTICE: exiting, bye-bye!
[07-Apr-2020 11:59:03] NOTICE: fpm is running, pid 5946
[07-Apr-2020 11:59:03] NOTICE: ready to handle connections
